<!DOCTYPE html>

<html>
  <head>
  <meta charset='utf-8'>
  <title>TestNG reports</title>

    <link type="text/css" href="testng-reports1.css" rel="stylesheet" id="ultra" />
    <link type="text/css" href="testng-reports.css" rel="stylesheet" id="retro" disabled="false"/>
    <script type="text/javascript" src="jquery.min.js"></script>
    <script type="text/javascript" src="testng-reports.js"></script>
    <script type="text/javascript" src="https://www.google.com/jsapi"></script>
    <script type='text/javascript'>
      google.load('visualization', '1', {packages:['table']});
      google.setOnLoadCallback(drawTable);
      var suiteTableInitFunctions = new Array();
      var suiteTableData = new Array();
    </script>
    <!--
      <script type="text/javascript" src="jquery-ui/js/jquery-ui-1.8.16.custom.min.js"></script>
     -->
  </head>

  <body>
    <div class="top-banner-root">
      <span class="top-banner-title-font">Test results</span>
      <button id="button" class="button">Switch Retro Theme</button> <!-- button -->
      <br/>
      <span class="top-banner-font-1">1 suite, 2 failed tests</span>
    </div> <!-- top-banner-root -->
    <div class="navigator-root">
      <div class="navigator-suite-header">
        <span>All suites</span>
        <a href="#" title="Collapse/expand all the suites" class="collapse-all-link">
          <img src="collapseall.gif" class="collapse-all-icon">
          </img> <!-- collapse-all-icon -->
        </a> <!-- collapse-all-link -->
      </div> <!-- navigator-suite-header -->
      <div class="suite">
        <div class="rounded-window">
          <div class="suite-header light-rounded-window-top">
            <a href="#" panel-name="suite-All_Test_Suite" class="navigator-link">
              <span class="suite-name border-failed">All Test Suite</span>
            </a> <!-- navigator-link -->
          </div> <!-- suite-header light-rounded-window-top -->
          <div class="navigator-suite-content">
            <div class="suite-section-title">
              <span>Info</span>
            </div> <!-- suite-section-title -->
            <div class="suite-section-content">
              <ul>
                <li>
                  <a href="#" panel-name="test-xml-All_Test_Suite" class="navigator-link ">
                    <span>C:\Users\Admin\IdeaProjects\AutomationTest_FinalProject\testng.xml</span>
                  </a> <!-- navigator-link  -->
                </li>
                <li>
                  <a href="#" panel-name="testlist-All_Test_Suite" class="navigator-link ">
                    <span class="test-stats">1 test</span>
                  </a> <!-- navigator-link  -->
                </li>
                <li>
                  <a href="#" panel-name="group-All_Test_Suite" class="navigator-link ">
                    <span>2 groups</span>
                  </a> <!-- navigator-link  -->
                </li>
                <li>
                  <a href="#" panel-name="times-All_Test_Suite" class="navigator-link ">
                    <span>Times</span>
                  </a> <!-- navigator-link  -->
                </li>
                <li>
                  <a href="#" panel-name="reporter-All_Test_Suite" class="navigator-link ">
                    <span>Reporter output</span>
                  </a> <!-- navigator-link  -->
                </li>
                <li>
                  <a href="#" panel-name="ignored-methods-All_Test_Suite" class="navigator-link ">
                    <span>Ignored methods</span>
                  </a> <!-- navigator-link  -->
                </li>
                <li>
                  <a href="#" panel-name="chronological-All_Test_Suite" class="navigator-link ">
                    <span>Chronological view</span>
                  </a> <!-- navigator-link  -->
                </li>
              </ul>
            </div> <!-- suite-section-content -->
            <div class="result-section">
              <div class="suite-section-title">
                <span>Results</span>
              </div> <!-- suite-section-title -->
              <div class="suite-section-content">
                <ul>
                  <li>
                    <span class="method-stats">15 methods, 2 failed,  2 skipped,  11 passed</span>
                  </li>
                  <li>
                    <span class="method-list-title failed">Failed methods</span>
                    <span class="show-or-hide-methods failed">
                      <a href="#" panel-name="suite-All_Test_Suite" class="hide-methods failed suite-All_Test_Suite"> (hide)</a> <!-- hide-methods failed suite-All_Test_Suite -->
                      <a href="#" panel-name="suite-All_Test_Suite" class="show-methods failed suite-All_Test_Suite"> (show)</a> <!-- show-methods failed suite-All_Test_Suite -->
                    </span>
                    <div class="method-list-content failed suite-All_Test_Suite">
                      <span>
                        <img src="failed.png" width="3%"/>
                        <a href="#" panel-name="suite-All_Test_Suite" title="testscripts.AddProductPageScript" class="method navigator-link" hash-for-method="captureScreenShotFailTestCase">captureScreenShotFailTestCase</a> <!-- method navigator-link -->
                      </span>
                      <br/>
                      <span>
                        <img src="failed.png" width="3%"/>
                        <a href="#" panel-name="suite-All_Test_Suite" title="testscripts.AddProductPageScript" class="method navigator-link" hash-for-method="checkExistedProductName">checkExistedProductName</a> <!-- method navigator-link -->
                      </span>
                      <br/>
                    </div> <!-- method-list-content failed suite-All_Test_Suite -->
                  </li>
                  <li>
                    <span class="method-list-title skipped">Retried methods</span>
                    <span class="show-or-hide-methods skipped">
                      <a href="#" panel-name="suite-All_Test_Suite" class="hide-methods skipped suite-All_Test_Suite"> (hide)</a> <!-- hide-methods skipped suite-All_Test_Suite -->
                      <a href="#" panel-name="suite-All_Test_Suite" class="show-methods skipped suite-All_Test_Suite"> (show)</a> <!-- show-methods skipped suite-All_Test_Suite -->
                    </span>
                    <div class="method-list-content skipped suite-All_Test_Suite">
                      <span>
                        <img src="skipped.png" width="3%"/>
                        <a href="#" panel-name="suite-All_Test_Suite" title="testscripts.AddProductPageScript" class="method navigator-link" hash-for-method="captureScreenShotFailTestCase">captureScreenShotFailTestCase</a> <!-- method navigator-link -->
                      </span>
                      <br/>
                      <span>
                        <img src="skipped.png" width="3%"/>
                        <a href="#" panel-name="suite-All_Test_Suite" title="testscripts.AddProductPageScript" class="method navigator-link" hash-for-method="checkExistedProductName">checkExistedProductName</a> <!-- method navigator-link -->
                      </span>
                      <br/>
                    </div> <!-- method-list-content skipped suite-All_Test_Suite -->
                  </li>
                  <li>
                    <span class="method-list-title passed">Passed methods</span>
                    <span class="show-or-hide-methods passed">
                      <a href="#" panel-name="suite-All_Test_Suite" class="hide-methods passed suite-All_Test_Suite"> (hide)</a> <!-- hide-methods passed suite-All_Test_Suite -->
                      <a href="#" panel-name="suite-All_Test_Suite" class="show-methods passed suite-All_Test_Suite"> (show)</a> <!-- show-methods passed suite-All_Test_Suite -->
                    </span>
                    <div class="method-list-content passed suite-All_Test_Suite">
                      <span>
                        <img src="passed.png" width="3%"/>
                        <a href="#" panel-name="suite-All_Test_Suite" title="testscripts.LoginPageScript" class="method navigator-link" hash-for-method="TC01_LoginSuccess">TC01_LoginSuccess</a> <!-- method navigator-link -->
                      </span>
                      <br/>
                      <span>
                        <img src="passed.png" width="3%"/>
                        <a href="#" panel-name="suite-All_Test_Suite" title="testscripts.LoginPageScript" class="method navigator-link" hash-for-method="testByForLoop">testByForLoop</a> <!-- method navigator-link -->
                      </span>
                      <br/>
                      <span>
                        <img src="passed.png" width="3%"/>
                        <a href="#" panel-name="suite-All_Test_Suite" title="testscripts.LogoutPageScript" class="method navigator-link" hash-for-method="testLogoutFuntion">testLogoutFuntion</a> <!-- method navigator-link -->
                      </span>
                      <br/>
                      <span>
                        <img src="passed.png" width="3%"/>
                        <a href="#" panel-name="suite-All_Test_Suite" title="testscripts.AddProductPageScript" class="method navigator-link" hash-for-method="validateAddProduct">validateAddProduct</a> <!-- method navigator-link -->
                      </span>
                      <br/>
                      <span>
                        <img src="passed.png" width="3%"/>
                        <a href="#" panel-name="suite-All_Test_Suite" title="testscripts.AddProductPageScript" class="method navigator-link" hash-for-method="validateEmptyCategory">validateEmptyCategory</a> <!-- method navigator-link -->
                      </span>
                      <br/>
                      <span>
                        <img src="passed.png" width="3%"/>
                        <a href="#" panel-name="suite-All_Test_Suite" title="testscripts.AddProductPageScript" class="method navigator-link" hash-for-method="validateIntroduce">validateIntroduce</a> <!-- method navigator-link -->
                      </span>
                      <br/>
                      <span>
                        <img src="passed.png" width="3%"/>
                        <a href="#" panel-name="suite-All_Test_Suite" title="testscripts.AddProductPageScript" class="method navigator-link" hash-for-method="validateOtherSuccessfulTC">validateOtherSuccessfulTC</a> <!-- method navigator-link -->
                      </span>
                      <br/>
                      <span>
                        <img src="passed.png" width="3%"/>
                        <a href="#" panel-name="suite-All_Test_Suite" title="testscripts.AddProductPageScript" class="method navigator-link" hash-for-method="validatePrice">validatePrice</a> <!-- method navigator-link -->
                      </span>
                      <br/>
                      <span>
                        <img src="passed.png" width="3%"/>
                        <a href="#" panel-name="suite-All_Test_Suite" title="testscripts.AddProductPageScript" class="method navigator-link" hash-for-method="validateProductName">validateProductName</a> <!-- method navigator-link -->
                      </span>
                      <br/>
                      <span>
                        <img src="passed.png" width="3%"/>
                        <a href="#" panel-name="suite-All_Test_Suite" title="testscripts.AddProductPageScript" class="method navigator-link" hash-for-method="validateRequiredFields">validateRequiredFields</a> <!-- method navigator-link -->
                      </span>
                      <br/>
                      <span>
                        <img src="passed.png" width="3%"/>
                        <a href="#" panel-name="suite-All_Test_Suite" title="testscripts.HomePageScript" class="method navigator-link" hash-for-method="verifyLinkLogin">verifyLinkLogin</a> <!-- method navigator-link -->
                      </span>
                      <br/>
                    </div> <!-- method-list-content passed suite-All_Test_Suite -->
                  </li>
                </ul>
              </div> <!-- suite-section-content -->
            </div> <!-- result-section -->
          </div> <!-- navigator-suite-content -->
        </div> <!-- rounded-window -->
      </div> <!-- suite -->
    </div> <!-- navigator-root -->
    <div class="wrapper">
      <div class="main-panel-root">
        <div panel-name="suite-All_Test_Suite" class="panel All_Test_Suite">
          <div class="suite-All_Test_Suite-class-failed">
            <div class="main-panel-header rounded-window-top">
              <img src="failed.png"/>
              <span class="class-name">testscripts.AddProductPageScript</span>
            </div> <!-- main-panel-header rounded-window-top -->
            <div class="main-panel-content rounded-window-bottom">
              <div class="method">
                <div class="method-content">
                  <a name="captureScreenShotFailTestCase">
                  </a> <!-- captureScreenShotFailTestCase -->
                  <span class="method-name">captureScreenShotFailTestCase</span>
                  <div class="stack-trace">org.openqa.selenium.TimeoutException: Expected condition failed: waiting for visibility of element located by By.xpath: //div[@class=&apos;el-message el-message--success&apos;] (tried for 10 second(s) with 500 milliseconds interval)
Build info: version: &apos;4.1.4&apos;, revision: &apos;535d840ee2&apos;
System info: host: &apos;MSI&apos;, ip: &apos;192.168.3.55&apos;, os.name: &apos;Windows 11&apos;, os.arch: &apos;amd64&apos;, os.version: &apos;10.0&apos;, java.version: &apos;17.0.2&apos;
Driver info: org.openqa.selenium.edge.EdgeDriver
Capabilities {acceptInsecureCerts: false, browserName: msedge, browserVersion: 105.0.1343.33, javascriptEnabled: true, ms:edgeOptions: {debuggerAddress: localhost:61685}, msedge: {msedgedriverVersion: 105.0.1343.27 (ca9c37b5a3be..., userDataDir: C:\Users\Admin\AppData\Loca...}, networkConnectionEnabled: false, pageLoadStrategy: normal, platform: WINDOWS, platformName: WINDOWS, proxy: Proxy(), se:cdp: ws://localhost:61685/devtoo..., se:cdpVersion: 105.0.1343.33, setWindowRect: true, strictFileInteractability: false, timeouts: {implicit: 0, pageLoad: 300000, script: 30000}, unhandledPromptBehavior: dismiss and notify, webauthn:extension:credBlob: true, webauthn:extension:largeBlob: true, webauthn:virtualAuthenticators: true}
Session ID: 67b408fb83d147e18c5b1deb7bb35915
	at org.openqa.selenium.support.ui.WebDriverWait.timeoutException(WebDriverWait.java:87)
	at org.openqa.selenium.support.ui.FluentWait.until(FluentWait.java:231)
	at pageobjects.AddProductPage.getWrongMessage(AddProductPage.java:195)
	at testscripts.AddProductPageScript.captureScreenShotFailTestCase(AddProductPageScript.java:188)
	at java.base/jdk.internal.reflect.NativeMethodAccessorImpl.invoke0(Native Method)
	at java.base/jdk.internal.reflect.NativeMethodAccessorImpl.invoke(NativeMethodAccessorImpl.java:77)
	at java.base/jdk.internal.reflect.DelegatingMethodAccessorImpl.invoke(DelegatingMethodAccessorImpl.java:43)
	at java.base/java.lang.reflect.Method.invoke(Method.java:568)
	at org.testng.internal.invokers.MethodInvocationHelper.invokeMethod(MethodInvocationHelper.java:135)
	at org.testng.internal.invokers.TestInvoker.invokeMethod(TestInvoker.java:673)
	at org.testng.internal.invokers.TestInvoker.retryFailed(TestInvoker.java:262)
	at org.testng.internal.invokers.MethodRunner.runInSequence(MethodRunner.java:62)
	at org.testng.internal.invokers.TestInvoker$MethodInvocationAgent.invoke(TestInvoker.java:945)
	at org.testng.internal.invokers.TestInvoker.invokeTestMethods(TestInvoker.java:193)
	at org.testng.internal.invokers.TestMethodWorker.invokeTestMethods(TestMethodWorker.java:146)
	at org.testng.internal.invokers.TestMethodWorker.run(TestMethodWorker.java:128)
	at java.base/java.util.ArrayList.forEach(ArrayList.java:1511)
	at org.testng.TestRunner.privateRun(TestRunner.java:808)
	at org.testng.TestRunner.run(TestRunner.java:603)
	at org.testng.SuiteRunner.runTest(SuiteRunner.java:429)
	at org.testng.SuiteRunner.runSequentially(SuiteRunner.java:423)
	at org.testng.SuiteRunner.privateRun(SuiteRunner.java:383)
	at org.testng.SuiteRunner.run(SuiteRunner.java:326)
	at org.testng.SuiteRunnerWorker.runSuite(SuiteRunnerWorker.java:52)
	at org.testng.SuiteRunnerWorker.run(SuiteRunnerWorker.java:95)
	at org.testng.TestNG.runSuitesSequentially(TestNG.java:1249)
	at org.testng.TestNG.runSuitesLocally(TestNG.java:1169)
	at org.testng.TestNG.runSuites(TestNG.java:1092)
	at org.testng.TestNG.run(TestNG.java:1060)
	at com.intellij.rt.testng.IDEARemoteTestNG.run(IDEARemoteTestNG.java:66)
	at com.intellij.rt.testng.RemoteTestNGStarter.main(RemoteTestNGStarter.java:109)

</div> <!-- stack-trace -->
                </div> <!-- method-content -->
              </div> <!-- method -->
              <div class="method">
                <div class="method-content">
                  <a name="checkExistedProductName">
                  </a> <!-- checkExistedProductName -->
                  <span class="method-name">checkExistedProductName</span>
                  <div class="stack-trace">org.openqa.selenium.TimeoutException: Expected condition failed: waiting for visibility of element located by By.xpath: //p[contains(text(), &apos;Tên sản phẩm đã tồn tại&apos;)] (tried for 10 second(s) with 500 milliseconds interval)
Build info: version: &apos;4.1.4&apos;, revision: &apos;535d840ee2&apos;
System info: host: &apos;MSI&apos;, ip: &apos;192.168.3.55&apos;, os.name: &apos;Windows 11&apos;, os.arch: &apos;amd64&apos;, os.version: &apos;10.0&apos;, java.version: &apos;17.0.2&apos;
Driver info: org.openqa.selenium.edge.EdgeDriver
Capabilities {acceptInsecureCerts: false, browserName: msedge, browserVersion: 105.0.1343.33, javascriptEnabled: true, ms:edgeOptions: {debuggerAddress: localhost:61685}, msedge: {msedgedriverVersion: 105.0.1343.27 (ca9c37b5a3be..., userDataDir: C:\Users\Admin\AppData\Loca...}, networkConnectionEnabled: false, pageLoadStrategy: normal, platform: WINDOWS, platformName: WINDOWS, proxy: Proxy(), se:cdp: ws://localhost:61685/devtoo..., se:cdpVersion: 105.0.1343.33, setWindowRect: true, strictFileInteractability: false, timeouts: {implicit: 0, pageLoad: 300000, script: 30000}, unhandledPromptBehavior: dismiss and notify, webauthn:extension:credBlob: true, webauthn:extension:largeBlob: true, webauthn:virtualAuthenticators: true}
Session ID: 67b408fb83d147e18c5b1deb7bb35915
	at org.openqa.selenium.support.ui.WebDriverWait.timeoutException(WebDriverWait.java:87)
	at org.openqa.selenium.support.ui.FluentWait.until(FluentWait.java:231)
	at pageobjects.AddProductPage.getWrongMessage(AddProductPage.java:195)
	at testscripts.AddProductPageScript.checkExistedProductName(AddProductPageScript.java:124)
	at java.base/jdk.internal.reflect.NativeMethodAccessorImpl.invoke0(Native Method)
	at java.base/jdk.internal.reflect.NativeMethodAccessorImpl.invoke(NativeMethodAccessorImpl.java:77)
	at java.base/jdk.internal.reflect.DelegatingMethodAccessorImpl.invoke(DelegatingMethodAccessorImpl.java:43)
	at java.base/java.lang.reflect.Method.invoke(Method.java:568)
	at org.testng.internal.invokers.MethodInvocationHelper.invokeMethod(MethodInvocationHelper.java:135)
	at org.testng.internal.invokers.TestInvoker.invokeMethod(TestInvoker.java:673)
	at org.testng.internal.invokers.TestInvoker.retryFailed(TestInvoker.java:262)
	at org.testng.internal.invokers.MethodRunner.runInSequence(MethodRunner.java:62)
	at org.testng.internal.invokers.TestInvoker$MethodInvocationAgent.invoke(TestInvoker.java:945)
	at org.testng.internal.invokers.TestInvoker.invokeTestMethods(TestInvoker.java:193)
	at org.testng.internal.invokers.TestMethodWorker.invokeTestMethods(TestMethodWorker.java:146)
	at org.testng.internal.invokers.TestMethodWorker.run(TestMethodWorker.java:128)
	at java.base/java.util.ArrayList.forEach(ArrayList.java:1511)
	at org.testng.TestRunner.privateRun(TestRunner.java:808)
	at org.testng.TestRunner.run(TestRunner.java:603)
	at org.testng.SuiteRunner.runTest(SuiteRunner.java:429)
	at org.testng.SuiteRunner.runSequentially(SuiteRunner.java:423)
	at org.testng.SuiteRunner.privateRun(SuiteRunner.java:383)
	at org.testng.SuiteRunner.run(SuiteRunner.java:326)
	at org.testng.SuiteRunnerWorker.runSuite(SuiteRunnerWorker.java:52)
	at org.testng.SuiteRunnerWorker.run(SuiteRunnerWorker.java:95)
	at org.testng.TestNG.runSuitesSequentially(TestNG.java:1249)
	at org.testng.TestNG.runSuitesLocally(TestNG.java:1169)
	at org.testng.TestNG.runSuites(TestNG.java:1092)
	at org.testng.TestNG.run(TestNG.java:1060)
	at com.intellij.rt.testng.IDEARemoteTestNG.run(IDEARemoteTestNG.java:66)
	at com.intellij.rt.testng.RemoteTestNGStarter.main(RemoteTestNGStarter.java:109)

</div> <!-- stack-trace -->
                </div> <!-- method-content -->
              </div> <!-- method -->
            </div> <!-- main-panel-content rounded-window-bottom -->
          </div> <!-- suite-All_Test_Suite-class-failed -->
          <div class="suite-All_Test_Suite-class-skipped">
            <div class="main-panel-header rounded-window-top">
              <img src="skipped.png"/>
              <span class="class-name">testscripts.AddProductPageScript</span>
            </div> <!-- main-panel-header rounded-window-top -->
            <div class="main-panel-content rounded-window-bottom">
              <div class="method">
                <div class="method-content">
                  <a name="captureScreenShotFailTestCase">
                  </a> <!-- captureScreenShotFailTestCase -->
                  <span class="method-name">captureScreenShotFailTestCase</span>
                  <div class="stack-trace">org.openqa.selenium.TimeoutException: Expected condition failed: waiting for visibility of element located by By.xpath: //div[@class=&apos;el-message el-message--success&apos;] (tried for 10 second(s) with 500 milliseconds interval)
Build info: version: &apos;4.1.4&apos;, revision: &apos;535d840ee2&apos;
System info: host: &apos;MSI&apos;, ip: &apos;192.168.3.55&apos;, os.name: &apos;Windows 11&apos;, os.arch: &apos;amd64&apos;, os.version: &apos;10.0&apos;, java.version: &apos;17.0.2&apos;
Driver info: org.openqa.selenium.edge.EdgeDriver
Capabilities {acceptInsecureCerts: false, browserName: msedge, browserVersion: 105.0.1343.33, javascriptEnabled: true, ms:edgeOptions: {debuggerAddress: localhost:61685}, msedge: {msedgedriverVersion: 105.0.1343.27 (ca9c37b5a3be..., userDataDir: C:\Users\Admin\AppData\Loca...}, networkConnectionEnabled: false, pageLoadStrategy: normal, platform: WINDOWS, platformName: WINDOWS, proxy: Proxy(), se:cdp: ws://localhost:61685/devtoo..., se:cdpVersion: 105.0.1343.33, setWindowRect: true, strictFileInteractability: false, timeouts: {implicit: 0, pageLoad: 300000, script: 30000}, unhandledPromptBehavior: dismiss and notify, webauthn:extension:credBlob: true, webauthn:extension:largeBlob: true, webauthn:virtualAuthenticators: true}
Session ID: 67b408fb83d147e18c5b1deb7bb35915
	at org.openqa.selenium.support.ui.WebDriverWait.timeoutException(WebDriverWait.java:87)
	at org.openqa.selenium.support.ui.FluentWait.until(FluentWait.java:231)
	at pageobjects.AddProductPage.getWrongMessage(AddProductPage.java:195)
	at testscripts.AddProductPageScript.captureScreenShotFailTestCase(AddProductPageScript.java:188)
	at java.base/jdk.internal.reflect.NativeMethodAccessorImpl.invoke0(Native Method)
	at java.base/jdk.internal.reflect.NativeMethodAccessorImpl.invoke(NativeMethodAccessorImpl.java:77)
	at java.base/jdk.internal.reflect.DelegatingMethodAccessorImpl.invoke(DelegatingMethodAccessorImpl.java:43)
	at java.base/java.lang.reflect.Method.invoke(Method.java:568)
	at org.testng.internal.invokers.MethodInvocationHelper.invokeMethod(MethodInvocationHelper.java:135)
	at org.testng.internal.invokers.TestInvoker.invokeMethod(TestInvoker.java:673)
	at org.testng.internal.invokers.TestInvoker.invokeTestMethod(TestInvoker.java:220)
	at org.testng.internal.invokers.MethodRunner.runInSequence(MethodRunner.java:50)
	at org.testng.internal.invokers.TestInvoker$MethodInvocationAgent.invoke(TestInvoker.java:945)
	at org.testng.internal.invokers.TestInvoker.invokeTestMethods(TestInvoker.java:193)
	at org.testng.internal.invokers.TestMethodWorker.invokeTestMethods(TestMethodWorker.java:146)
	at org.testng.internal.invokers.TestMethodWorker.run(TestMethodWorker.java:128)
	at java.base/java.util.ArrayList.forEach(ArrayList.java:1511)
	at org.testng.TestRunner.privateRun(TestRunner.java:808)
	at org.testng.TestRunner.run(TestRunner.java:603)
	at org.testng.SuiteRunner.runTest(SuiteRunner.java:429)
	at org.testng.SuiteRunner.runSequentially(SuiteRunner.java:423)
	at org.testng.SuiteRunner.privateRun(SuiteRunner.java:383)
	at org.testng.SuiteRunner.run(SuiteRunner.java:326)
	at org.testng.SuiteRunnerWorker.runSuite(SuiteRunnerWorker.java:52)
	at org.testng.SuiteRunnerWorker.run(SuiteRunnerWorker.java:95)
	at org.testng.TestNG.runSuitesSequentially(TestNG.java:1249)
	at org.testng.TestNG.runSuitesLocally(TestNG.java:1169)
	at org.testng.TestNG.runSuites(TestNG.java:1092)
	at org.testng.TestNG.run(TestNG.java:1060)
	at com.intellij.rt.testng.IDEARemoteTestNG.run(IDEARemoteTestNG.java:66)
	at com.intellij.rt.testng.RemoteTestNGStarter.main(RemoteTestNGStarter.java:109)

</div> <!-- stack-trace -->
                </div> <!-- method-content -->
              </div> <!-- method -->
              <div class="method">
                <div class="method-content">
                  <a name="checkExistedProductName">
                  </a> <!-- checkExistedProductName -->
                  <span class="method-name">checkExistedProductName</span>
                  <div class="stack-trace">org.openqa.selenium.TimeoutException: Expected condition failed: waiting for visibility of element located by By.xpath: //p[contains(text(), &apos;Tên sản phẩm đã tồn tại&apos;)] (tried for 10 second(s) with 500 milliseconds interval)
Build info: version: &apos;4.1.4&apos;, revision: &apos;535d840ee2&apos;
System info: host: &apos;MSI&apos;, ip: &apos;192.168.3.55&apos;, os.name: &apos;Windows 11&apos;, os.arch: &apos;amd64&apos;, os.version: &apos;10.0&apos;, java.version: &apos;17.0.2&apos;
Driver info: org.openqa.selenium.edge.EdgeDriver
Capabilities {acceptInsecureCerts: false, browserName: msedge, browserVersion: 105.0.1343.33, javascriptEnabled: true, ms:edgeOptions: {debuggerAddress: localhost:61685}, msedge: {msedgedriverVersion: 105.0.1343.27 (ca9c37b5a3be..., userDataDir: C:\Users\Admin\AppData\Loca...}, networkConnectionEnabled: false, pageLoadStrategy: normal, platform: WINDOWS, platformName: WINDOWS, proxy: Proxy(), se:cdp: ws://localhost:61685/devtoo..., se:cdpVersion: 105.0.1343.33, setWindowRect: true, strictFileInteractability: false, timeouts: {implicit: 0, pageLoad: 300000, script: 30000}, unhandledPromptBehavior: dismiss and notify, webauthn:extension:credBlob: true, webauthn:extension:largeBlob: true, webauthn:virtualAuthenticators: true}
Session ID: 67b408fb83d147e18c5b1deb7bb35915
	at org.openqa.selenium.support.ui.WebDriverWait.timeoutException(WebDriverWait.java:87)
	at org.openqa.selenium.support.ui.FluentWait.until(FluentWait.java:231)
	at pageobjects.AddProductPage.getWrongMessage(AddProductPage.java:195)
	at testscripts.AddProductPageScript.checkExistedProductName(AddProductPageScript.java:124)
	at java.base/jdk.internal.reflect.NativeMethodAccessorImpl.invoke0(Native Method)
	at java.base/jdk.internal.reflect.NativeMethodAccessorImpl.invoke(NativeMethodAccessorImpl.java:77)
	at java.base/jdk.internal.reflect.DelegatingMethodAccessorImpl.invoke(DelegatingMethodAccessorImpl.java:43)
	at java.base/java.lang.reflect.Method.invoke(Method.java:568)
	at org.testng.internal.invokers.MethodInvocationHelper.invokeMethod(MethodInvocationHelper.java:135)
	at org.testng.internal.invokers.TestInvoker.invokeMethod(TestInvoker.java:673)
	at org.testng.internal.invokers.TestInvoker.invokeTestMethod(TestInvoker.java:220)
	at org.testng.internal.invokers.MethodRunner.runInSequence(MethodRunner.java:50)
	at org.testng.internal.invokers.TestInvoker$MethodInvocationAgent.invoke(TestInvoker.java:945)
	at org.testng.internal.invokers.TestInvoker.invokeTestMethods(TestInvoker.java:193)
	at org.testng.internal.invokers.TestMethodWorker.invokeTestMethods(TestMethodWorker.java:146)
	at org.testng.internal.invokers.TestMethodWorker.run(TestMethodWorker.java:128)
	at java.base/java.util.ArrayList.forEach(ArrayList.java:1511)
	at org.testng.TestRunner.privateRun(TestRunner.java:808)
	at org.testng.TestRunner.run(TestRunner.java:603)
	at org.testng.SuiteRunner.runTest(SuiteRunner.java:429)
	at org.testng.SuiteRunner.runSequentially(SuiteRunner.java:423)
	at org.testng.SuiteRunner.privateRun(SuiteRunner.java:383)
	at org.testng.SuiteRunner.run(SuiteRunner.java:326)
	at org.testng.SuiteRunnerWorker.runSuite(SuiteRunnerWorker.java:52)
	at org.testng.SuiteRunnerWorker.run(SuiteRunnerWorker.java:95)
	at org.testng.TestNG.runSuitesSequentially(TestNG.java:1249)
	at org.testng.TestNG.runSuitesLocally(TestNG.java:1169)
	at org.testng.TestNG.runSuites(TestNG.java:1092)
	at org.testng.TestNG.run(TestNG.java:1060)
	at com.intellij.rt.testng.IDEARemoteTestNG.run(IDEARemoteTestNG.java:66)
	at com.intellij.rt.testng.RemoteTestNGStarter.main(RemoteTestNGStarter.java:109)

</div> <!-- stack-trace -->
                </div> <!-- method-content -->
              </div> <!-- method -->
            </div> <!-- main-panel-content rounded-window-bottom -->
          </div> <!-- suite-All_Test_Suite-class-skipped -->
          <div class="suite-All_Test_Suite-class-passed">
            <div class="main-panel-header rounded-window-top">
              <img src="passed.png"/>
              <span class="class-name">testscripts.HomePageScript</span>
            </div> <!-- main-panel-header rounded-window-top -->
            <div class="main-panel-content rounded-window-bottom">
              <div class="method">
                <div class="method-content">
                  <a name="verifyLinkLogin">
                  </a> <!-- verifyLinkLogin -->
                  <span class="method-name">verifyLinkLogin</span>
                </div> <!-- method-content -->
              </div> <!-- method -->
            </div> <!-- main-panel-content rounded-window-bottom -->
          </div> <!-- suite-All_Test_Suite-class-passed -->
          <div class="suite-All_Test_Suite-class-passed">
            <div class="main-panel-header rounded-window-top">
              <img src="passed.png"/>
              <span class="class-name">testscripts.LogoutPageScript</span>
            </div> <!-- main-panel-header rounded-window-top -->
            <div class="main-panel-content rounded-window-bottom">
              <div class="method">
                <div class="method-content">
                  <a name="testLogoutFuntion">
                  </a> <!-- testLogoutFuntion -->
                  <span class="method-name">testLogoutFuntion</span>
                </div> <!-- method-content -->
              </div> <!-- method -->
            </div> <!-- main-panel-content rounded-window-bottom -->
          </div> <!-- suite-All_Test_Suite-class-passed -->
          <div class="suite-All_Test_Suite-class-passed">
            <div class="main-panel-header rounded-window-top">
              <img src="passed.png"/>
              <span class="class-name">testscripts.LoginPageScript</span>
            </div> <!-- main-panel-header rounded-window-top -->
            <div class="main-panel-content rounded-window-bottom">
              <div class="method">
                <div class="method-content">
                  <a name="TC01_LoginSuccess">
                  </a> <!-- TC01_LoginSuccess -->
                  <span class="method-name">TC01_LoginSuccess</span>
                </div> <!-- method-content -->
              </div> <!-- method -->
              <div class="method">
                <div class="method-content">
                  <a name="testByForLoop">
                  </a> <!-- testByForLoop -->
                  <span class="method-name">testByForLoop</span>
                </div> <!-- method-content -->
              </div> <!-- method -->
            </div> <!-- main-panel-content rounded-window-bottom -->
          </div> <!-- suite-All_Test_Suite-class-passed -->
          <div class="suite-All_Test_Suite-class-passed">
            <div class="main-panel-header rounded-window-top">
              <img src="passed.png"/>
              <span class="class-name">testscripts.AddProductPageScript</span>
            </div> <!-- main-panel-header rounded-window-top -->
            <div class="main-panel-content rounded-window-bottom">
              <div class="method">
                <div class="method-content">
                  <a name="validateAddProduct">
                  </a> <!-- validateAddProduct -->
                  <span class="method-name">validateAddProduct</span>
                </div> <!-- method-content -->
              </div> <!-- method -->
              <div class="method">
                <div class="method-content">
                  <a name="validateEmptyCategory">
                  </a> <!-- validateEmptyCategory -->
                  <span class="method-name">validateEmptyCategory</span>
                </div> <!-- method-content -->
              </div> <!-- method -->
              <div class="method">
                <div class="method-content">
                  <a name="validateIntroduce">
                  </a> <!-- validateIntroduce -->
                  <span class="method-name">validateIntroduce</span>
                </div> <!-- method-content -->
              </div> <!-- method -->
              <div class="method">
                <div class="method-content">
                  <a name="validateOtherSuccessfulTC">
                  </a> <!-- validateOtherSuccessfulTC -->
                  <span class="method-name">validateOtherSuccessfulTC</span>
                </div> <!-- method-content -->
              </div> <!-- method -->
              <div class="method">
                <div class="method-content">
                  <a name="validatePrice">
                  </a> <!-- validatePrice -->
                  <span class="method-name">validatePrice</span>
                </div> <!-- method-content -->
              </div> <!-- method -->
              <div class="method">
                <div class="method-content">
                  <a name="validateProductName">
                  </a> <!-- validateProductName -->
                  <span class="method-name">validateProductName</span>
                </div> <!-- method-content -->
              </div> <!-- method -->
              <div class="method">
                <div class="method-content">
                  <a name="validateRequiredFields">
                  </a> <!-- validateRequiredFields -->
                  <span class="method-name">validateRequiredFields</span>
                </div> <!-- method-content -->
              </div> <!-- method -->
            </div> <!-- main-panel-content rounded-window-bottom -->
          </div> <!-- suite-All_Test_Suite-class-passed -->
        </div> <!-- panel All_Test_Suite -->
        <div panel-name="test-xml-All_Test_Suite" class="panel">
          <div class="main-panel-header rounded-window-top">
            <span class="header-content">C:\Users\Admin\IdeaProjects\AutomationTest_FinalProject\testng.xml</span>
          </div> <!-- main-panel-header rounded-window-top -->
          <div class="main-panel-content rounded-window-bottom">
            <pre>
&lt;?xml version=&quot;1.0&quot; encoding=&quot;UTF-8&quot;?&gt;
&lt;!DOCTYPE suite SYSTEM &quot;https://testng.org/testng-1.0.dtd&quot;&gt;
&lt;suite name=&quot;All Test Suite&quot; guice-stage=&quot;DEVELOPMENT&quot;&gt;
  &lt;test thread-count=&quot;5&quot; name=&quot;C:/Users/Admin/IdeaProjects/TestNGReadExcelData&quot; verbose=&quot;2&quot;&gt;
    &lt;parameter name=&quot;browser&quot; value=&quot;MicrosoftEdge&quot;/&gt;
    &lt;classes&gt;
      &lt;class name=&quot;testscripts.HomePageScript&quot;/&gt;
      &lt;class name=&quot;testscripts.LoginPageScript&quot;/&gt;
      &lt;class name=&quot;testscripts.LogoutPageScript&quot;/&gt;
      &lt;class name=&quot;testscripts.AddProductPageScript&quot;/&gt;
    &lt;/classes&gt;
  &lt;/test&gt; &lt;!-- C:/Users/Admin/IdeaProjects/TestNGReadExcelData --&gt;
&lt;/suite&gt; &lt;!-- All Test Suite --&gt;
            </pre>
          </div> <!-- main-panel-content rounded-window-bottom -->
        </div> <!-- panel -->
        <div panel-name="testlist-All_Test_Suite" class="panel">
          <div class="main-panel-header rounded-window-top">
            <span class="header-content">Tests for All Test Suite</span>
          </div> <!-- main-panel-header rounded-window-top -->
          <div class="main-panel-content rounded-window-bottom">
            <ul>
              <li>
                <span class="test-name">C:/Users/Admin/IdeaProjects/TestNGReadExcelData (4 classes)</span>
              </li>
            </ul>
          </div> <!-- main-panel-content rounded-window-bottom -->
        </div> <!-- panel -->
        <div panel-name="group-All_Test_Suite" class="panel">
          <div class="main-panel-header rounded-window-top">
            <span class="header-content">Groups for All Test Suite</span>
          </div> <!-- main-panel-header rounded-window-top -->
          <div class="main-panel-content rounded-window-bottom">
            <div class="test-group">
              <span class="test-group-name">Invalid</span>
              <br/>
              <div class="method-in-group">
                <span class="method-in-group-name">testByForLoop</span>
                <br/>
              </div> <!-- method-in-group -->
            </div> <!-- test-group -->
            <div class="test-group">
              <span class="test-group-name">Success</span>
              <br/>
              <div class="method-in-group">
                <span class="method-in-group-name">TC01_LoginSuccess</span>
                <br/>
              </div> <!-- method-in-group -->
            </div> <!-- test-group -->
          </div> <!-- main-panel-content rounded-window-bottom -->
        </div> <!-- panel -->
        <div panel-name="times-All_Test_Suite" class="panel">
          <div class="main-panel-header rounded-window-top">
            <span class="header-content">Times for All Test Suite</span>
          </div> <!-- main-panel-header rounded-window-top -->
          <div class="main-panel-content rounded-window-bottom">
            <div class="times-div">
              <script type="text/javascript">
suiteTableInitFunctions.push('tableData_All_Test_Suite');
function tableData_All_Test_Suite() {
var data = new google.visualization.DataTable();
data.addColumn('number', 'Number');
data.addColumn('string', 'Method');
data.addColumn('string', 'Class');
data.addColumn('number', 'Time (ms)');
data.addRows(15);
data.setCell(0, 0, 0)
data.setCell(0, 1, 'validateOtherSuccessfulTC')
data.setCell(0, 2, 'testscripts.AddProductPageScript')
data.setCell(0, 3, 13483);
data.setCell(1, 0, 1)
data.setCell(1, 1, 'checkExistedProductName')
data.setCell(1, 2, 'testscripts.AddProductPageScript')
data.setCell(1, 3, 13027);
data.setCell(2, 0, 2)
data.setCell(2, 1, 'checkExistedProductName')
data.setCell(2, 2, 'testscripts.AddProductPageScript')
data.setCell(2, 3, 13007);
data.setCell(3, 0, 3)
data.setCell(3, 1, 'captureScreenShotFailTestCase')
data.setCell(3, 2, 'testscripts.AddProductPageScript')
data.setCell(3, 3, 10794);
data.setCell(4, 0, 4)
data.setCell(4, 1, 'captureScreenShotFailTestCase')
data.setCell(4, 2, 'testscripts.AddProductPageScript')
data.setCell(4, 3, 10770);
data.setCell(5, 0, 5)
data.setCell(5, 1, 'validatePrice')
data.setCell(5, 2, 'testscripts.AddProductPageScript')
data.setCell(5, 3, 6209);
data.setCell(6, 0, 6)
data.setCell(6, 1, 'testByForLoop')
data.setCell(6, 2, 'testscripts.LoginPageScript')
data.setCell(6, 3, 6209);
data.setCell(7, 0, 7)
data.setCell(7, 1, 'testLogoutFuntion')
data.setCell(7, 2, 'testscripts.LogoutPageScript')
data.setCell(7, 3, 5394);
data.setCell(8, 0, 8)
data.setCell(8, 1, 'validateProductName')
data.setCell(8, 2, 'testscripts.AddProductPageScript')
data.setCell(8, 3, 4348);
data.setCell(9, 0, 9)
data.setCell(9, 1, 'validateIntroduce')
data.setCell(9, 2, 'testscripts.AddProductPageScript')
data.setCell(9, 3, 3062);
data.setCell(10, 0, 10)
data.setCell(10, 1, 'TC01_LoginSuccess')
data.setCell(10, 2, 'testscripts.LoginPageScript')
data.setCell(10, 3, 2321);
data.setCell(11, 0, 11)
data.setCell(11, 1, 'validateRequiredFields')
data.setCell(11, 2, 'testscripts.AddProductPageScript')
data.setCell(11, 3, 2284);
data.setCell(12, 0, 12)
data.setCell(12, 1, 'validateAddProduct')
data.setCell(12, 2, 'testscripts.AddProductPageScript')
data.setCell(12, 3, 2212);
data.setCell(13, 0, 13)
data.setCell(13, 1, 'validateEmptyCategory')
data.setCell(13, 2, 'testscripts.AddProductPageScript')
data.setCell(13, 3, 916);
data.setCell(14, 0, 14)
data.setCell(14, 1, 'verifyLinkLogin')
data.setCell(14, 2, 'testscripts.HomePageScript')
data.setCell(14, 3, 373);
window.suiteTableData['All_Test_Suite']= { tableData: data, tableDiv: 'times-div-All_Test_Suite'}
return data;
}
              </script>
              <span class="suite-total-time">Total running time: 1 minutes</span>
              <div id="times-div-All_Test_Suite">
              </div> <!-- times-div-All_Test_Suite -->
            </div> <!-- times-div -->
          </div> <!-- main-panel-content rounded-window-bottom -->
        </div> <!-- panel -->
        <div panel-name="reporter-All_Test_Suite" class="panel">
          <div class="main-panel-header rounded-window-top">
            <span class="header-content">Reporter output for All Test Suite</span>
          </div> <!-- main-panel-header rounded-window-top -->
          <div class="main-panel-content rounded-window-bottom">
          </div> <!-- main-panel-content rounded-window-bottom -->
        </div> <!-- panel -->
        <div panel-name="ignored-methods-All_Test_Suite" class="panel">
          <div class="main-panel-header rounded-window-top">
            <span class="header-content">6 ignored methods</span>
          </div> <!-- main-panel-header rounded-window-top -->
          <div class="main-panel-content rounded-window-bottom">
            <div class="ignored-class-div">
              <span class="ignored-class-name">testscripts.LogoutPageScript</span>
              <div class="ignored-methods-div">
                <span class="ignored-method-name">initializeBrowser</span>
                <br/>
                <span class="ignored-method-name">closeBrowser</span>
                <br/>
              </div> <!-- ignored-methods-div -->
            </div> <!-- ignored-class-div -->
            <div class="ignored-class-div">
              <span class="ignored-class-name">testscripts.LoginPageScript</span>
              <div class="ignored-methods-div">
                <span class="ignored-method-name">initializeBrowser</span>
                <br/>
                <span class="ignored-method-name">closeBrowser</span>
                <br/>
              </div> <!-- ignored-methods-div -->
            </div> <!-- ignored-class-div -->
            <div class="ignored-class-div">
              <span class="ignored-class-name">testscripts.AddProductPageScript</span>
              <div class="ignored-methods-div">
                <span class="ignored-method-name">initializeBrowser</span>
                <br/>
                <span class="ignored-method-name">closeBrowser</span>
                <br/>
              </div> <!-- ignored-methods-div -->
            </div> <!-- ignored-class-div -->
          </div> <!-- main-panel-content rounded-window-bottom -->
        </div> <!-- panel -->
        <div panel-name="chronological-All_Test_Suite" class="panel">
          <div class="main-panel-header rounded-window-top">
            <span class="header-content">Methods in chronological order</span>
          </div> <!-- main-panel-header rounded-window-top -->
          <div class="main-panel-content rounded-window-bottom">
            <div class="chronological-class">
              <div class="chronological-class-name">testscripts.HomePageScript</div> <!-- chronological-class-name -->
              <div class="configuration-test before">
                <span class="method-name">initializeBrowser(MicrosoftEdge)</span>
                <span class="method-start">0 ms</span>
              </div> <!-- configuration-test before -->
              <div class="configuration-class before">
                <span class="method-name">initHomePageScript</span>
                <span class="method-start">3075 ms</span>
              </div> <!-- configuration-class before -->
              <div class="configuration-method before">
                <span class="method-name">goToHomePage</span>
                <span class="method-start">3085 ms</span>
              </div> <!-- configuration-method before -->
              <div class="test-method">
                <span class="method-name">verifyLinkLogin</span>
                <span class="method-start">4723 ms</span>
              </div> <!-- test-method -->
            </div> <!-- chronological-class -->
            <div class="chronological-class">
              <div class="chronological-class-name">testscripts.LoginPageScript</div> <!-- chronological-class-name -->
              <div class="configuration-class before">
                <span class="method-name">setupLoginPage</span>
                <span class="method-start">5098 ms</span>
              </div> <!-- configuration-class before -->
              <div class="configuration-method before">
                <span class="method-name">reloadLoginPage</span>
                <span class="method-start">5576 ms</span>
              </div> <!-- configuration-method before -->
              <div class="test-method">
                <span class="method-name">TC01_LoginSuccess</span>
                <span class="method-start">6098 ms</span>
              </div> <!-- test-method -->
              <div class="configuration-method after">
                <span class="method-name">closeSession</span>
                <span class="method-start">8419 ms</span>
              </div> <!-- configuration-method after -->
              <div class="configuration-method before">
                <span class="method-name">reloadLoginPage2</span>
                <span class="method-start">10792 ms</span>
              </div> <!-- configuration-method before -->
              <div class="test-method">
                <span class="method-name">testByForLoop</span>
                <span class="method-start">11285 ms</span>
              </div> <!-- test-method -->
            </div> <!-- chronological-class -->
            <div class="chronological-class">
              <div class="chronological-class-name">testscripts.LogoutPageScript</div> <!-- chronological-class-name -->
              <div class="configuration-class before">
                <span class="method-name">setupLoginPage</span>
                <span class="method-start">17495 ms</span>
              </div> <!-- configuration-class before -->
              <div class="configuration-method before">
                <span class="method-name">reloadLoginPage</span>
                <span class="method-start">17497 ms</span>
              </div> <!-- configuration-method before -->
              <div class="test-method">
                <span class="method-name">testLogoutFuntion</span>
                <span class="method-start">18139 ms</span>
              </div> <!-- test-method -->
            </div> <!-- chronological-class -->
            <div class="chronological-class">
              <div class="chronological-class-name">testscripts.AddProductPageScript</div> <!-- chronological-class-name -->
              <div class="configuration-class before">
                <span class="method-name">setupLoginPage</span>
                <span class="method-start">23534 ms</span>
              </div> <!-- configuration-class before -->
              <div class="configuration-method before">
                <span class="method-name">reloadLoginPage</span>
                <span class="method-start">23584 ms</span>
              </div> <!-- configuration-method before -->
              <div class="test-method">
                <span class="method-name">captureScreenShotFailTestCase</span>
                <span class="method-start">26546 ms</span>
              </div> <!-- test-method -->
              <div class="configuration-method after">
                <span class="method-name">screenShot([TestResult name=captureScreenShotFailTestCase status=SKIP method=AddProductPageScript.captureScreen...)</span>
                <span class="method-start">37340 ms</span>
              </div> <!-- configuration-method after -->
              <div class="configuration-method before">
                <span class="method-name">reloadLoginPage</span>
                <span class="method-start">37342 ms</span>
              </div> <!-- configuration-method before -->
              <div class="test-method">
                <img src="failed.png">
                </img>
                <span class="method-name">captureScreenShotFailTestCase</span>
                <span class="method-start">40473 ms</span>
              </div> <!-- test-method -->
              <div class="configuration-method after">
                <span class="method-name">screenShot([TestResult name=captureScreenShotFailTestCase status=FAILURE method=AddProductPageScript.captureScr...)</span>
                <span class="method-start">51249 ms</span>
              </div> <!-- configuration-method after -->
              <div class="configuration-method before">
                <span class="method-name">reloadLoginPage</span>
                <span class="method-start">51369 ms</span>
              </div> <!-- configuration-method before -->
              <div class="test-method">
                <span class="method-name">checkExistedProductName</span>
                <span class="method-start">54392 ms</span>
              </div> <!-- test-method -->
              <div class="configuration-method after">
                <span class="method-name">screenShot([TestResult name=checkExistedProductName status=SKIP method=AddProductPageScript.checkExistedProduct...)</span>
                <span class="method-start">67399 ms</span>
              </div> <!-- configuration-method after -->
              <div class="configuration-method before">
                <span class="method-name">reloadLoginPage</span>
                <span class="method-start">67400 ms</span>
              </div> <!-- configuration-method before -->
              <div class="test-method">
                <img src="failed.png">
                </img>
                <span class="method-name">checkExistedProductName</span>
                <span class="method-start">70421 ms</span>
              </div> <!-- test-method -->
              <div class="configuration-method after">
                <span class="method-name">screenShot([TestResult name=checkExistedProductName status=FAILURE method=AddProductPageScript.checkExistedProd...)</span>
                <span class="method-start">83450 ms</span>
              </div> <!-- configuration-method after -->
              <div class="configuration-method before">
                <span class="method-name">reloadLoginPage</span>
                <span class="method-start">83545 ms</span>
              </div> <!-- configuration-method before -->
              <div class="test-method">
                <span class="method-name">validateAddProduct</span>
                <span class="method-start">86612 ms</span>
              </div> <!-- test-method -->
              <div class="configuration-method after">
                <span class="method-name">screenShot([TestResult name=validateAddProduct status=SUCCESS method=AddProductPageScript.validateAddProduct()[...)</span>
                <span class="method-start">88824 ms</span>
              </div> <!-- configuration-method after -->
              <div class="configuration-method before">
                <span class="method-name">reloadLoginPage</span>
                <span class="method-start">88825 ms</span>
              </div> <!-- configuration-method before -->
              <div class="test-method">
                <span class="method-name">validateEmptyCategory</span>
                <span class="method-start">91797 ms</span>
              </div> <!-- test-method -->
              <div class="configuration-method after">
                <span class="method-name">screenShot([TestResult name=validateEmptyCategory status=SUCCESS method=AddProductPageScript.validateEmptyCateg...)</span>
                <span class="method-start">92714 ms</span>
              </div> <!-- configuration-method after -->
              <div class="configuration-method before">
                <span class="method-name">reloadLoginPage</span>
                <span class="method-start">92714 ms</span>
              </div> <!-- configuration-method before -->
              <div class="test-method">
                <span class="method-name">validateIntroduce</span>
                <span class="method-start">95638 ms</span>
              </div> <!-- test-method -->
              <div class="configuration-method after">
                <span class="method-name">screenShot([TestResult name=validateIntroduce status=SUCCESS method=AddProductPageScript.validateIntroduce()[pr...)</span>
                <span class="method-start">98700 ms</span>
              </div> <!-- configuration-method after -->
              <div class="configuration-method before">
                <span class="method-name">reloadLoginPage</span>
                <span class="method-start">98701 ms</span>
              </div> <!-- configuration-method before -->
              <div class="test-method">
                <span class="method-name">validateOtherSuccessfulTC</span>
                <span class="method-start">101655 ms</span>
              </div> <!-- test-method -->
              <div class="configuration-method after">
                <span class="method-name">screenShot([TestResult name=validateOtherSuccessfulTC status=SUCCESS method=AddProductPageScript.validateOtherS...)</span>
                <span class="method-start">115138 ms</span>
              </div> <!-- configuration-method after -->
              <div class="configuration-method before">
                <span class="method-name">reloadLoginPage</span>
                <span class="method-start">115139 ms</span>
              </div> <!-- configuration-method before -->
              <div class="test-method">
                <span class="method-name">validatePrice</span>
                <span class="method-start">118130 ms</span>
              </div> <!-- test-method -->
              <div class="configuration-method after">
                <span class="method-name">screenShot([TestResult name=validatePrice status=SUCCESS method=AddProductPageScript.validatePrice()[pri:0, ins...)</span>
                <span class="method-start">124341 ms</span>
              </div> <!-- configuration-method after -->
              <div class="configuration-method before">
                <span class="method-name">reloadLoginPage</span>
                <span class="method-start">124342 ms</span>
              </div> <!-- configuration-method before -->
              <div class="test-method">
                <span class="method-name">validateProductName</span>
                <span class="method-start">127665 ms</span>
              </div> <!-- test-method -->
              <div class="configuration-method after">
                <span class="method-name">screenShot([TestResult name=validateProductName status=SUCCESS method=AddProductPageScript.validateProductName(...)</span>
                <span class="method-start">132013 ms</span>
              </div> <!-- configuration-method after -->
              <div class="configuration-method before">
                <span class="method-name">reloadLoginPage</span>
                <span class="method-start">132014 ms</span>
              </div> <!-- configuration-method before -->
              <div class="test-method">
                <span class="method-name">validateRequiredFields</span>
                <span class="method-start">135408 ms</span>
              </div> <!-- test-method -->
              <div class="configuration-method after">
                <span class="method-name">screenShot([TestResult name=validateRequiredFields status=SUCCESS method=AddProductPageScript.validateRequiredF...)</span>
                <span class="method-start">137692 ms</span>
              </div> <!-- configuration-method after -->
            </div> <!-- chronological-class -->
            <div class="chronological-class">
              <div class="chronological-class-name">testscripts.HomePageScript</div> <!-- chronological-class-name -->
              <div class="configuration-test after">
                <span class="method-name">closeBrowser</span>
                <span class="method-start">137693 ms</span>
              </div> <!-- configuration-test after -->
          </div> <!-- main-panel-content rounded-window-bottom -->
        </div> <!-- panel -->
      </div> <!-- main-panel-root -->
    </div> <!-- wrapper -->
  </body>
<script type="text/javascript" src="testng-reports2.js"></script>
</html>
